<?xml version="1.0" encoding="UTF-8"?>
<!-- Generated by org.testng.reporters.JUnitReportReporter -->
<testsuite skipped="0" hostname="DESKTOP-23CJB2H" name="com.casttest.ContactTest" tests="3" failures="0" timestamp="2021-09-22T05:09:26 PDT" time="0.043" errors="0">
  <testcase name="crearecontact" time="0.039" classname="com.casttest.ContactTest"/>
  <system-out/>
  <testcase name="deletecontact" time="0.001" classname="com.casttest.ContactTest"/>
  <system-out/>
  <testcase name="createwithcontact" time="0.003" classname="com.casttest.ContactTest"/>
  <system-out/>
</testsuite> <!-- com.casttest.ContactTest -->
